<?xml version="1.0" encoding="UTF-8"?>
<!-- Generated by org.testng.reporters.JUnitXMLReporter -->
<testsuite hostname="DESKTOP-JHAC9CR" name="Default test" tests="7" failures="0" timestamp="3 Apr 2021 18:41:30 GMT" time="25.97" errors="0">
  <testcase name="gotologinoage" time="4.567" classname="Selenium.Demovod.Homepagestart"/>
  <testcase name="emptytweet" time="2.867" classname="Selenium.Demovod.Homepagestart"/>
  <testcase name="tweets" time="3.742" classname="Selenium.Demovod.Homepagestart"/>
  <testcase name="tweet2" time="3.729" classname="Selenium.Demovod.Homepagestart"/>
  <testcase name="tweets5" time="1.614" classname="Selenium.Demovod.Homepagestart"/>
  <testcase name="tweets4" time="4.323" classname="Selenium.Demovod.Homepagestart"/>
  <testcase name="tweet3" time="4.926" classname="Selenium.Demovod.Homepagestart"/>
</testsuite> <!-- Default test -->
